<?xml version="1.0" encoding="UTF-8"?>
<!-- Generated by org.testng.reporters.JUnitXMLReporter -->
<testsuite ignored="0" hostname="DESKTOP-LS62KJE" failures="0" tests="17" name="Test" time="34.37" errors="0" timestamp="2023-07-12T12:32:56 IST">
  <testcase classname="Identify_New_Bikes.Tests" name="elementCall_newBike" time="2.188"/>
  <testcase classname="Identify_New_Bikes.Tests" name="elementCall_bikeBrand" time="1.821"/>
  <testcase classname="Identify_New_Bikes.Tests" name="elementCall_dropDown" time="0.168"/>
  <testcase classname="Identify_New_Bikes.Tests" name="elementCall_hondaClick" time="1.731"/>
  <testcase classname="Identify_New_Bikes.Tests" name="elementCall_hondaScroll" time="0.245"/>
  <testcase classname="Identify_New_Bikes.Tests" name="elementCall_list" time="1.209"/>
  <testcase classname="Identify_New_Bikes.Tests" name="useCar_home" time="1.752"/>
  <testcase classname="Identify_New_Bikes.Tests" name="useCar_usedCar" time="0.736"/>
  <testcase classname="Identify_New_Bikes.Tests" name="useCar_ChooseCity" time="2.725"/>
  <testcase classname="Identify_New_Bikes.Tests" name="useCar_scroll" time="0.022"/>
  <testcase classname="Identify_New_Bikes.Tests" name="useCar_list" time="0.974"/>
  <testcase classname="Identify_New_Bikes.Tests" name="login_home" time="1.549"/>
  <testcase classname="Identify_New_Bikes.Tests" name="loginClick" time="1.102"/>
  <testcase classname="Identify_New_Bikes.Tests" name="googleClick" time="2.597"/>
  <testcase classname="Identify_New_Bikes.Tests" name="windowHandle" time="0.083"/>
  <testcase classname="Identify_New_Bikes.Tests" name="emailClick" time="0.269"/>
  <testcase classname="Identify_New_Bikes.Tests" name="nextButton" time="3.383"/>
</testsuite> <!-- Test -->
