<?xml version="1.0" encoding="UTF-8"?>
<testng-results ignored="0" total="17" passed="17" failed="0" skipped="0">
  <reporter-output>
  </reporter-output>
  <suite started-at="2023-07-12T12:32:22 IST" name="Suite" finished-at="2023-07-12T12:32:56 IST" duration-ms="34370">
    <groups>
      <group name="Regression">
        <method signature="Tests.elementCall_bikeBrand()[pri:2, instance:Identify_New_Bikes.Tests@4a883b15]" name="elementCall_bikeBrand" class="Identify_New_Bikes.Tests"/>
        <method signature="Tests.elementCall_dropDown()[pri:3, instance:Identify_New_Bikes.Tests@4a883b15]" name="elementCall_dropDown" class="Identify_New_Bikes.Tests"/>
        <method signature="Tests.elementCall_hondaClick()[pri:4, instance:Identify_New_Bikes.Tests@4a883b15]" name="elementCall_hondaClick" class="Identify_New_Bikes.Tests"/>
        <method signature="Tests.elementCall_hondaScroll()[pri:5, instance:Identify_New_Bikes.Tests@4a883b15]" name="elementCall_hondaScroll" class="Identify_New_Bikes.Tests"/>
        <method signature="Tests.elementCall_list()[pri:6, instance:Identify_New_Bikes.Tests@4a883b15]" name="elementCall_list" class="Identify_New_Bikes.Tests"/>
        <method signature="Tests.elementCall_newBike()[pri:1, instance:Identify_New_Bikes.Tests@4a883b15]" name="elementCall_newBike" class="Identify_New_Bikes.Tests"/>
        <method signature="Tests.emailClick()[pri:16, instance:Identify_New_Bikes.Tests@4a883b15]" name="emailClick" class="Identify_New_Bikes.Tests"/>
        <method signature="Tests.googleClick()[pri:14, instance:Identify_New_Bikes.Tests@4a883b15]" name="googleClick" class="Identify_New_Bikes.Tests"/>
        <method signature="Tests.loginClick()[pri:13, instance:Identify_New_Bikes.Tests@4a883b15]" name="loginClick" class="Identify_New_Bikes.Tests"/>
        <method signature="Tests.login_home()[pri:12, instance:Identify_New_Bikes.Tests@4a883b15]" name="login_home" class="Identify_New_Bikes.Tests"/>
        <method signature="Tests.nextButton()[pri:17, instance:Identify_New_Bikes.Tests@4a883b15]" name="nextButton" class="Identify_New_Bikes.Tests"/>
        <method signature="Tests.useCar_ChooseCity()[pri:9, instance:Identify_New_Bikes.Tests@4a883b15]" name="useCar_ChooseCity" class="Identify_New_Bikes.Tests"/>
        <method signature="Tests.useCar_home()[pri:7, instance:Identify_New_Bikes.Tests@4a883b15]" name="useCar_home" class="Identify_New_Bikes.Tests"/>
        <method signature="Tests.useCar_list()[pri:11, instance:Identify_New_Bikes.Tests@4a883b15]" name="useCar_list" class="Identify_New_Bikes.Tests"/>
        <method signature="Tests.useCar_scroll()[pri:10, instance:Identify_New_Bikes.Tests@4a883b15]" name="useCar_scroll" class="Identify_New_Bikes.Tests"/>
        <method signature="Tests.useCar_usedCar()[pri:8, instance:Identify_New_Bikes.Tests@4a883b15]" name="useCar_usedCar" class="Identify_New_Bikes.Tests"/>
        <method signature="Tests.windowHandle()[pri:15, instance:Identify_New_Bikes.Tests@4a883b15]" name="windowHandle" class="Identify_New_Bikes.Tests"/>
      </group> <!-- Regression -->
      <group name="Smoke">
        <method signature="Tests.elementCall_bikeBrand()[pri:2, instance:Identify_New_Bikes.Tests@4a883b15]" name="elementCall_bikeBrand" class="Identify_New_Bikes.Tests"/>
        <method signature="Tests.elementCall_dropDown()[pri:3, instance:Identify_New_Bikes.Tests@4a883b15]" name="elementCall_dropDown" class="Identify_New_Bikes.Tests"/>
        <method signature="Tests.elementCall_hondaClick()[pri:4, instance:Identify_New_Bikes.Tests@4a883b15]" name="elementCall_hondaClick" class="Identify_New_Bikes.Tests"/>
        <method signature="Tests.elementCall_hondaScroll()[pri:5, instance:Identify_New_Bikes.Tests@4a883b15]" name="elementCall_hondaScroll" class="Identify_New_Bikes.Tests"/>
        <method signature="Tests.elementCall_list()[pri:6, instance:Identify_New_Bikes.Tests@4a883b15]" name="elementCall_list" class="Identify_New_Bikes.Tests"/>
        <method signature="Tests.elementCall_newBike()[pri:1, instance:Identify_New_Bikes.Tests@4a883b15]" name="elementCall_newBike" class="Identify_New_Bikes.Tests"/>
      </group> <!-- Smoke -->
    </groups>
    <test started-at="2023-07-12T12:32:22 IST" name="Test" finished-at="2023-07-12T12:32:56 IST" duration-ms="34370">
      <class name="Identify_New_Bikes.Tests">
        <test-method is-config="true" signature="driverConfig()[pri:0, instance:Identify_New_Bikes.Tests@4a883b15]" started-at="2023-07-12T12:32:22 IST" name="driverConfig" finished-at="2023-07-12T12:32:32 IST" duration-ms="10481" status="PASS">
          <reporter-output>
          </reporter-output>
        </test-method> <!-- driverConfig -->
        <test-method signature="elementCall_newBike()[pri:1, instance:Identify_New_Bikes.Tests@4a883b15]" started-at="2023-07-12T12:32:32 IST" name="elementCall_newBike" finished-at="2023-07-12T12:32:35 IST" duration-ms="2188" status="PASS">
          <reporter-output>
          </reporter-output>
        </test-method> <!-- elementCall_newBike -->
        <test-method signature="elementCall_bikeBrand()[pri:2, instance:Identify_New_Bikes.Tests@4a883b15]" started-at="2023-07-12T12:32:35 IST" name="elementCall_bikeBrand" finished-at="2023-07-12T12:32:36 IST" duration-ms="1821" status="PASS">
          <reporter-output>
          </reporter-output>
        </test-method> <!-- elementCall_bikeBrand -->
        <test-method signature="elementCall_dropDown()[pri:3, instance:Identify_New_Bikes.Tests@4a883b15]" started-at="2023-07-12T12:32:36 IST" name="elementCall_dropDown" finished-at="2023-07-12T12:32:37 IST" duration-ms="168" status="PASS">
          <reporter-output>
          </reporter-output>
        </test-method> <!-- elementCall_dropDown -->
        <test-method signature="elementCall_hondaClick()[pri:4, instance:Identify_New_Bikes.Tests@4a883b15]" started-at="2023-07-12T12:32:37 IST" name="elementCall_hondaClick" finished-at="2023-07-12T12:32:38 IST" duration-ms="1731" status="PASS">
          <reporter-output>
          </reporter-output>
        </test-method> <!-- elementCall_hondaClick -->
        <test-method signature="elementCall_hondaScroll()[pri:5, instance:Identify_New_Bikes.Tests@4a883b15]" started-at="2023-07-12T12:32:38 IST" name="elementCall_hondaScroll" finished-at="2023-07-12T12:32:38 IST" duration-ms="245" status="PASS">
          <reporter-output>
          </reporter-output>
        </test-method> <!-- elementCall_hondaScroll -->
        <test-method signature="elementCall_list()[pri:6, instance:Identify_New_Bikes.Tests@4a883b15]" started-at="2023-07-12T12:32:38 IST" name="elementCall_list" finished-at="2023-07-12T12:32:40 IST" duration-ms="1209" status="PASS">
          <reporter-output>
          </reporter-output>
        </test-method> <!-- elementCall_list -->
        <test-method signature="useCar_home()[pri:7, instance:Identify_New_Bikes.Tests@4a883b15]" started-at="2023-07-12T12:32:40 IST" name="useCar_home" finished-at="2023-07-12T12:32:41 IST" duration-ms="1752" status="PASS">
          <reporter-output>
          </reporter-output>
        </test-method> <!-- useCar_home -->
        <test-method signature="useCar_usedCar()[pri:8, instance:Identify_New_Bikes.Tests@4a883b15]" started-at="2023-07-12T12:32:41 IST" name="useCar_usedCar" finished-at="2023-07-12T12:32:42 IST" duration-ms="736" status="PASS">
          <reporter-output>
          </reporter-output>
        </test-method> <!-- useCar_usedCar -->
        <test-method signature="useCar_ChooseCity()[pri:9, instance:Identify_New_Bikes.Tests@4a883b15]" started-at="2023-07-12T12:32:42 IST" name="useCar_ChooseCity" finished-at="2023-07-12T12:32:45 IST" duration-ms="2725" status="PASS">
          <reporter-output>
          </reporter-output>
        </test-method> <!-- useCar_ChooseCity -->
        <test-method signature="useCar_scroll()[pri:10, instance:Identify_New_Bikes.Tests@4a883b15]" started-at="2023-07-12T12:32:45 IST" name="useCar_scroll" finished-at="2023-07-12T12:32:45 IST" duration-ms="22" status="PASS">
          <reporter-output>
          </reporter-output>
        </test-method> <!-- useCar_scroll -->
        <test-method signature="useCar_list()[pri:11, instance:Identify_New_Bikes.Tests@4a883b15]" started-at="2023-07-12T12:32:45 IST" name="useCar_list" finished-at="2023-07-12T12:32:46 IST" duration-ms="974" status="PASS">
          <reporter-output>
          </reporter-output>
        </test-method> <!-- useCar_list -->
        <test-method signature="login_home()[pri:12, instance:Identify_New_Bikes.Tests@4a883b15]" started-at="2023-07-12T12:32:46 IST" name="login_home" finished-at="2023-07-12T12:32:47 IST" duration-ms="1549" status="PASS">
          <reporter-output>
          </reporter-output>
        </test-method> <!-- login_home -->
        <test-method signature="loginClick()[pri:13, instance:Identify_New_Bikes.Tests@4a883b15]" started-at="2023-07-12T12:32:47 IST" name="loginClick" finished-at="2023-07-12T12:32:49 IST" duration-ms="1102" status="PASS">
          <reporter-output>
          </reporter-output>
        </test-method> <!-- loginClick -->
        <test-method signature="googleClick()[pri:14, instance:Identify_New_Bikes.Tests@4a883b15]" started-at="2023-07-12T12:32:49 IST" name="googleClick" finished-at="2023-07-12T12:32:51 IST" duration-ms="2597" status="PASS">
          <reporter-output>
          </reporter-output>
        </test-method> <!-- googleClick -->
        <test-method signature="windowHandle()[pri:15, instance:Identify_New_Bikes.Tests@4a883b15]" started-at="2023-07-12T12:32:51 IST" name="windowHandle" finished-at="2023-07-12T12:32:51 IST" duration-ms="83" status="PASS">
          <reporter-output>
          </reporter-output>
        </test-method> <!-- windowHandle -->
        <test-method signature="emailClick()[pri:16, instance:Identify_New_Bikes.Tests@4a883b15]" started-at="2023-07-12T12:32:51 IST" name="emailClick" finished-at="2023-07-12T12:32:52 IST" duration-ms="269" status="PASS">
          <reporter-output>
          </reporter-output>
        </test-method> <!-- emailClick -->
        <test-method signature="nextButton()[pri:17, instance:Identify_New_Bikes.Tests@4a883b15]" started-at="2023-07-12T12:32:52 IST" name="nextButton" finished-at="2023-07-12T12:32:55 IST" duration-ms="3383" status="PASS">
          <reporter-output>
          </reporter-output>
        </test-method> <!-- nextButton -->
        <test-method is-config="true" signature="quit()[pri:0, instance:Identify_New_Bikes.Tests@4a883b15]" started-at="2023-07-12T12:32:55 IST" name="quit" finished-at="2023-07-12T12:32:56 IST" duration-ms="1209" status="PASS">
          <reporter-output>
          </reporter-output>
        </test-method> <!-- quit -->
      </class> <!-- Identify_New_Bikes.Tests -->
    </test> <!-- Test -->
  </suite> <!-- Suite -->
</testng-results>
